2024-10-17 13:15:51 [[32minfo[39m]: Conectado a MongoDB
2024-10-17 13:15:51 [[32minfo[39m]: Ejecutándose en http://localhost:8080
2024-10-17 21:32:52 [[32minfo[39m]: Conectado a MongoDB
2024-10-17 21:32:52 [[32minfo[39m]: Ejecutándose en http://localhost:8080
2024-10-17 21:32:53 [[32minfo[39m]: Conectado a MongoDB
2024-10-17 21:32:53 [[32minfo[39m]: Ejecutándose en http://localhost:8080
2024-10-17 21:38:12 [[32minfo[39m]: Conectado a MongoDB
2024-10-17 21:38:12 [[32minfo[39m]: Ejecutándose en http://localhost:8080
2024-10-17 21:53:36 [[32minfo[39m]: Conectado a MongoDB
2024-10-17 21:53:36 [[32minfo[39m]: Ejecutándose en http://localhost:8080
2024-10-17 21:55:09 [[32minfo[39m]: Conectado a MongoDB
2024-10-17 21:55:09 [[32minfo[39m]: Ejecutándose en http://localhost:8080
2024-10-21 10:23:13 [[32minfo[39m]: Conectado a MongoDB
2024-10-21 10:23:13 [[32minfo[39m]: Ejecutándose en http://localhost:8080
2024-10-21 10:23:15 [[32minfo[39m]: Conectado a MongoDB
2024-10-21 10:23:15 [[32minfo[39m]: Ejecutándose en http://localhost:8080
2024-10-21 10:24:31 [[32minfo[39m]: Conectado a MongoDB
2024-10-21 10:24:31 [[32minfo[39m]: Ejecutándose en http://localhost:8080
2024-10-21 10:25:14 [[32minfo[39m]: Conectado a MongoDB
2024-10-21 10:25:14 [[32minfo[39m]: Ejecutándose en http://localhost:8080
2024-10-21 10:30:24 [[32minfo[39m]: Conectado a MongoDB
2024-10-21 10:30:24 [[32minfo[39m]: Ejecutándose en http://localhost:8080
2024-10-21 11:33:56 [[32minfo[39m]: Conectado a MongoDB
2024-10-21 11:33:56 [[32minfo[39m]: Ejecutándose en http://localhost:8080
2024-10-21 11:33:58 [[32minfo[39m]: Conectado a MongoDB
2024-10-21 11:33:58 [[32minfo[39m]: Ejecutándose en http://localhost:8080
2024-10-23 20:28:42 [[32minfo[39m]: Conectado a MongoDB
2024-10-23 20:28:42 [[32minfo[39m]: Ejecutándose en http://localhost:8080
2024-10-23 20:28:44 [[32minfo[39m]: Conectado a MongoDB
2024-10-23 20:28:44 [[32minfo[39m]: Ejecutándose en http://localhost:8080
2024-10-23 20:29:13 [[32minfo[39m]: Conectado a MongoDB
2024-10-23 20:29:13 [[32minfo[39m]: Ejecutándose en http://localhost:8080
2024-10-23 20:32:32 [[32minfo[39m]: Conectado a MongoDB
2024-10-23 20:32:32 [[32minfo[39m]: Ejecutándose en http://localhost:8080
2024-10-23 20:35:04 [[32minfo[39m]: Conectado a MongoDB
2024-10-23 20:35:04 [[32minfo[39m]: Ejecutándose en http://localhost:8080
2024-10-23 20:35:10 [[32minfo[39m]: Conectado a MongoDB
2024-10-23 20:35:10 [[32minfo[39m]: Ejecutándose en http://localhost:8080
2024-10-23 20:37:58 [[31merror[39m]: Not found
2024-10-26 09:57:37 [[32minfo[39m]: Conectado a MongoDB
2024-10-26 09:57:37 [[32minfo[39m]: Ejecutándose en http://localhost:8080
2024-10-26 09:57:39 [[32minfo[39m]: Conectado a MongoDB
2024-10-26 09:57:39 [[32minfo[39m]: Ejecutándose en http://localhost:8080
2024-10-26 09:57:55 [[32minfo[39m]: Conectado a MongoDB
2024-10-26 09:57:55 [[32minfo[39m]: Ejecutándose en http://localhost:8080
2024-11-09 10:32:08 [[32minfo[39m]: Conectado a MongoDB
2024-11-09 10:32:08 [[32minfo[39m]: Ejecutándose en http://localhost:8080
2024-11-09 10:32:09 [[32minfo[39m]: Conectado a MongoDB
2024-11-09 10:32:09 [[32minfo[39m]: Ejecutándose en http://localhost:8080
2024-11-09 10:53:44 [[32minfo[39m]: Conectado a MongoDB
2024-11-09 10:53:44 [[32minfo[39m]: Ejecutándose en http://localhost:8080
2024-11-09 10:59:36 [[32minfo[39m]: Conectado a MongoDB
2024-11-09 10:59:36 [[32minfo[39m]: Ejecutándose en http://localhost:8080
2024-11-09 10:59:38 [[32minfo[39m]: Conectado a MongoDB
2024-11-09 10:59:38 [[32minfo[39m]: Ejecutándose en http://localhost:8080
2024-11-09 11:25:03 [[32minfo[39m]: Conectado a MongoDB
2024-11-09 11:25:03 [[32minfo[39m]: Ejecutándose en http://localhost:8080
2024-11-09 11:39:11 [[32minfo[39m]: Conectado a MongoDB
2024-11-09 11:39:11 [[32minfo[39m]: Ejecutándose en http://localhost:8080
2024-11-09 11:39:13 [[32minfo[39m]: Conectado a MongoDB
2024-11-09 11:39:13 [[32minfo[39m]: Ejecutándose en http://localhost:8080
2024-11-09 11:56:17 [[32minfo[39m]: Conectado a MongoDB
2024-11-09 11:56:18 [[32minfo[39m]: Ejecutándose en http://localhost:8080
2024-11-09 12:00:57 [[31merror[39m]: Pets validation failed: name: Path `name` is required., specie: Path `specie` is required.
2024-11-09 12:06:34 [[32minfo[39m]: Conectado a MongoDB
2024-11-09 12:06:35 [[32minfo[39m]: Ejecutándose en http://localhost:8080
2024-11-09 12:30:37 [[32minfo[39m]: Conectado a MongoDB
2024-11-09 12:30:37 [[32minfo[39m]: Ejecutándose en http://localhost:8080
2024-11-09 12:31:11 [[32minfo[39m]: Conectado a MongoDB
2024-11-09 12:31:11 [[32minfo[39m]: Ejecutándose en http://localhost:8080
2024-11-09 12:31:12 [[32minfo[39m]: Conectado a MongoDB
2024-11-09 12:31:12 [[32minfo[39m]: Ejecutándose en http://localhost:8080
2024-11-09 12:32:19 [[32minfo[39m]: Conectado a MongoDB
2024-11-09 12:32:19 [[32minfo[39m]: Ejecutándose en http://localhost:8080
2024-11-09 12:32:21 [[32minfo[39m]: Conectado a MongoDB
2024-11-09 12:32:21 [[32minfo[39m]: Ejecutándose en http://localhost:8080
2024-11-09 12:40:17 [[32minfo[39m]: Conectado a MongoDB
2024-11-09 12:40:17 [[32minfo[39m]: Ejecutándose en http://localhost:8080
2024-11-09 12:40:18 [[32minfo[39m]: Conectado a MongoDB
2024-11-09 12:40:18 [[32minfo[39m]: Ejecutándose en http://localhost:8080
2024-11-09 12:42:50 [[32minfo[39m]: Conectado a MongoDB
2024-11-09 12:42:50 [[32minfo[39m]: Ejecutándose en http://localhost:8080
2024-11-09 12:43:59 [[32minfo[39m]: Conectado a MongoDB
2024-11-09 12:43:59 [[32minfo[39m]: Ejecutándose en http://localhost:8080
2024-11-09 15:51:44 [[32minfo[39m]: Conectado a MongoDB
2024-11-09 15:51:44 [[32minfo[39m]: Ejecutándose en http://localhost:8080
2024-11-09 15:51:46 [[32minfo[39m]: Conectado a MongoDB
2024-11-09 15:51:46 [[32minfo[39m]: Ejecutándose en http://localhost:8080
2024-11-09 15:52:00 [[32minfo[39m]: Conectado a MongoDB
2024-11-09 15:52:00 [[32minfo[39m]: Ejecutándose en http://localhost:8080
2024-11-09 15:52:10 [[31merror[39m]: Not found
2024-11-09 15:52:10 [[31merror[39m]: Not found
2024-11-09 15:53:52 [[31merror[39m]: Not found
2024-11-09 15:54:39 [[31merror[39m]: Not found
2024-11-09 15:54:39 [[31merror[39m]: Not found
2024-11-09 17:29:07 [[32minfo[39m]: Conectado a MongoDB
2024-11-09 17:29:07 [[32minfo[39m]: Ejecutándose en http://localhost:8080
2024-11-09 17:29:08 [[32minfo[39m]: Conectado a MongoDB
2024-11-09 17:29:08 [[32minfo[39m]: Ejecutándose en http://localhost:8080
2024-11-09 17:38:00 [[32minfo[39m]: Conectado a MongoDB
2024-11-09 17:38:00 [[32minfo[39m]: Ejecutándose en http://localhost:8080
2024-11-09 17:41:42 [[31merror[39m]: ID inválido
2024-11-09 17:41:42 [[31merror[39m]: ID inválido
2024-11-09 17:41:44 [[32minfo[39m]: Conectado a MongoDB
2024-11-09 17:41:44 [[32minfo[39m]: Ejecutándose en http://localhost:8080
2024-11-09 17:42:05 [[32minfo[39m]: Conectado a MongoDB
2024-11-09 17:42:05 [[32minfo[39m]: Ejecutándose en http://localhost:8080
2024-11-09 17:43:17 [[31merror[39m]: ID inválido
2024-11-09 17:43:17 [[31merror[39m]: ID inválido
2024-11-09 17:43:51 [[31merror[39m]: ID inválido
2024-11-09 17:43:51 [[31merror[39m]: ID inválido
2024-11-10 17:33:13 [[32minfo[39m]: Conectado a MongoDB
2024-11-10 17:33:13 [[32minfo[39m]: Ejecutándose en http://localhost:8080
2024-11-10 17:33:15 [[32minfo[39m]: Conectado a MongoDB
2024-11-10 17:33:15 [[32minfo[39m]: Ejecutándose en http://localhost:8080
2024-11-10 17:33:21 [[31merror[39m]: ID inválido
2024-11-10 17:33:21 [[31merror[39m]: ID inválido
2024-11-10 17:33:23 [[32minfo[39m]: Conectado a MongoDB
2024-11-10 17:33:23 [[32minfo[39m]: Ejecutándose en http://localhost:8080
2024-11-10 17:37:08 [[31merror[39m]: ID inválido
2024-11-10 17:37:08 [[31merror[39m]: ID inválido
2024-11-10 17:43:26 [[31merror[39m]: ID inválido
2024-11-10 17:43:26 [[31merror[39m]: ID inválido
2024-11-15 10:52:09 [[32minfo[39m]: Conectado a MongoDB
2024-11-15 10:52:09 [[32minfo[39m]: Ejecutándose en http://localhost:8080
2024-11-15 10:52:11 [[32minfo[39m]: Conectado a MongoDB
2024-11-15 10:52:11 [[32minfo[39m]: Ejecutándose en http://localhost:8080
2024-11-15 10:52:24 [[31merror[39m]: Users validation failed: first_name: Path `first_name` is required., last_name: Path `last_name` is required.
2024-11-15 10:52:25 [[32minfo[39m]: Conectado a MongoDB
2024-11-15 10:52:25 [[32minfo[39m]: Ejecutándose en http://localhost:8080
2024-11-15 11:44:09 [[32minfo[39m]: Conectado a MongoDB
2024-11-15 11:44:09 [[32minfo[39m]: Ejecutándose en http://localhost:8080
2024-11-15 12:07:40 [[32minfo[39m]: Conectado a MongoDB
2024-11-15 12:07:40 [[32minfo[39m]: Ejecutándose en http://localhost:8080
2024-11-15 12:15:25 [[32minfo[39m]: Conectado a MongoDB
2024-11-15 12:15:25 [[32minfo[39m]: Ejecutándose en http://localhost:8080
2024-11-15 12:19:56 [[32minfo[39m]: Conectado a MongoDB
2024-11-15 12:19:56 [[32minfo[39m]: Ejecutándose en http://localhost:8080
2024-11-15 12:51:35 [[32minfo[39m]: Conectado a MongoDB
2024-11-15 12:51:35 [[32minfo[39m]: Ejecutándose en http://localhost:8080
2024-11-15 13:23:09 [[32minfo[39m]: Conectado a MongoDB
2024-11-15 13:23:09 [[32minfo[39m]: Ejecutándose en http://localhost:8080
2024-11-17 09:17:49 [[32minfo[39m]: Conectado a MongoDB
2024-11-17 09:17:49 [[32minfo[39m]: Ejecutándose en http://localhost:8080
2024-11-17 09:56:04 [[32minfo[39m]: Conectado a MongoDB
2024-11-17 09:56:04 [[32minfo[39m]: Ejecutándose en http://localhost:8080
2024-11-17 09:56:10 [[31merror[39m]: ID inválido
2024-11-17 09:56:10 [[31merror[39m]: ID inválido
2024-11-17 09:56:12 [[32minfo[39m]: Conectado a MongoDB
2024-11-17 09:56:12 [[32minfo[39m]: Ejecutándose en http://localhost:8080
2024-11-17 10:00:06 [[32minfo[39m]: Conectado a MongoDB
2024-11-17 10:00:06 [[32minfo[39m]: Ejecutándose en http://localhost:8080
2024-11-17 10:01:29 [[31merror[39m]: ID inválido
2024-11-17 10:01:29 [[31merror[39m]: ID inválido
2024-11-17 10:03:25 [[31merror[39m]: ID inválido
2024-11-17 10:03:25 [[31merror[39m]: ID inválido
2024-11-17 10:04:20 [[31merror[39m]: ID inválido
2024-11-17 10:04:20 [[31merror[39m]: ID inválido
2024-11-17 10:05:04 [[31merror[39m]: ID inválido
2024-11-17 10:05:04 [[31merror[39m]: ID inválido
2024-11-17 10:05:32 [[31merror[39m]: ID inválido
2024-11-17 10:05:32 [[31merror[39m]: ID inválido
2024-11-17 10:07:46 [[32minfo[39m]: Conectado a MongoDB
2024-11-17 10:07:46 [[32minfo[39m]: Ejecutándose en http://localhost:8080
2024-11-17 10:07:52 [[31merror[39m]: ID inválido
2024-11-17 10:07:52 [[31merror[39m]: ID inválido
2024-11-17 10:08:40 [[31merror[39m]: ID inválido
2024-11-17 10:08:40 [[31merror[39m]: ID inválido
2024-11-17 10:09:38 [[31merror[39m]: ID inválido
2024-11-17 10:09:38 [[31merror[39m]: ID inválido
2024-11-17 10:10:20 [[31merror[39m]: ID inválido
2024-11-17 10:10:20 [[31merror[39m]: ID inválido
2024-11-17 10:10:43 [[31merror[39m]: ID inválido
2024-11-17 10:10:43 [[31merror[39m]: ID inválido
2024-11-17 10:13:37 [[32minfo[39m]: Conectado a MongoDB
2024-11-17 10:13:37 [[32minfo[39m]: Ejecutándose en http://localhost:8080
2024-11-17 10:15:08 [[32minfo[39m]: Conectado a MongoDB
2024-11-17 10:15:08 [[32minfo[39m]: Ejecutándose en http://localhost:8080
2024-11-17 10:17:05 [[32minfo[39m]: Conectado a MongoDB
2024-11-17 10:17:05 [[32minfo[39m]: Ejecutándose en http://localhost:8080
2024-11-17 10:18:24 [[32minfo[39m]: Conectado a MongoDB
2024-11-17 10:18:24 [[32minfo[39m]: Ejecutándose en http://localhost:8080
2024-11-17 10:18:26 [[32minfo[39m]: Conectado a MongoDB
2024-11-17 10:18:26 [[32minfo[39m]: Ejecutándose en http://localhost:8080
2024-11-17 10:19:20 [[32minfo[39m]: Conectado a MongoDB
2024-11-17 10:19:20 [[32minfo[39m]: Ejecutándose en http://localhost:8080
2024-11-17 10:19:29 [[32minfo[39m]: Conectado a MongoDB
2024-11-17 10:19:29 [[32minfo[39m]: Ejecutándose en http://localhost:8080
2024-11-17 10:20:23 [[32minfo[39m]: Conectado a MongoDB
2024-11-17 10:20:23 [[32minfo[39m]: Ejecutándose en http://localhost:8080
2024-11-17 10:22:32 [[32minfo[39m]: Conectado a MongoDB
2024-11-17 10:22:32 [[32minfo[39m]: Ejecutándose en http://localhost:8080
2024-11-17 10:23:13 [[32minfo[39m]: Conectado a MongoDB
2024-11-17 10:23:13 [[32minfo[39m]: Ejecutándose en http://localhost:8080
2024-11-17 10:25:43 [[32minfo[39m]: Conectado a MongoDB
2024-11-17 10:25:43 [[32minfo[39m]: Ejecutándose en http://localhost:8080
2024-11-17 10:26:04 [[32minfo[39m]: Conectado a MongoDB
2024-11-17 10:26:04 [[32minfo[39m]: Ejecutándose en http://localhost:8080
2024-11-17 10:26:20 [[32minfo[39m]: Conectado a MongoDB
2024-11-17 10:26:20 [[32minfo[39m]: Ejecutándose en http://localhost:8080
2024-11-17 10:28:19 [[32minfo[39m]: Conectado a MongoDB
2024-11-17 10:28:19 [[32minfo[39m]: Ejecutándose en http://localhost:8080
2024-11-17 10:44:44 [[32minfo[39m]: Conectado a MongoDB
2024-11-17 10:44:44 [[32minfo[39m]: Ejecutándose en http://localhost:8080
2024-11-17 10:49:26 [[32minfo[39m]: Conectado a MongoDB
2024-11-17 10:49:26 [[32minfo[39m]: Ejecutándose en http://localhost:8080
2024-11-17 10:57:29 [[32minfo[39m]: Conectado a MongoDB
2024-11-17 10:57:29 [[32minfo[39m]: Ejecutándose en http://localhost:8080
2024-11-17 10:57:54 [[32minfo[39m]: Conectado a MongoDB
2024-11-17 10:57:54 [[32minfo[39m]: Ejecutándose en http://localhost:8080
2024-11-17 10:58:30 [[32minfo[39m]: Conectado a MongoDB
2024-11-17 10:58:30 [[32minfo[39m]: Ejecutándose en http://localhost:8080
2024-11-17 10:59:06 [[32minfo[39m]: Conectado a MongoDB
2024-11-17 10:59:06 [[32minfo[39m]: Ejecutándose en http://localhost:8080
2024-11-17 11:00:43 [[31merror[39m]: ID inválido
2024-11-17 11:01:02 [[31merror[39m]: ID inválido
2024-11-17 11:01:25 [[32minfo[39m]: Conectado a MongoDB
2024-11-17 11:01:25 [[32minfo[39m]: Ejecutándose en http://localhost:8080
2024-11-17 11:01:27 [[31merror[39m]: ID inválido
2024-11-17 11:01:51 [[32minfo[39m]: Conectado a MongoDB
2024-11-17 11:01:51 [[32minfo[39m]: Ejecutándose en http://localhost:8080
2024-11-17 11:03:29 [[32minfo[39m]: Conectado a MongoDB
2024-11-17 11:03:29 [[32minfo[39m]: Ejecutándose en http://localhost:8080
2024-11-17 11:03:31 [[31merror[39m]: ID inválido
2024-11-17 11:03:53 [[32minfo[39m]: Conectado a MongoDB
2024-11-17 11:03:53 [[32minfo[39m]: Ejecutándose en http://localhost:8080
2024-11-17 11:03:55 [[31merror[39m]: ID inválido
2024-11-17 11:04:16 [[32minfo[39m]: Conectado a MongoDB
2024-11-17 11:04:16 [[32minfo[39m]: Ejecutándose en http://localhost:8080
2024-11-17 11:04:18 [[31merror[39m]: ID inválido
2024-11-17 11:04:41 [[32minfo[39m]: Conectado a MongoDB
2024-11-17 11:04:41 [[32minfo[39m]: Ejecutándose en http://localhost:8080
2024-11-17 11:04:44 [[31merror[39m]: ID inválido
2024-11-17 11:14:38 [[32minfo[39m]: Conectado a MongoDB
2024-11-17 11:14:38 [[32minfo[39m]: Ejecutándose en http://localhost:8080
2024-11-17 11:14:40 [[32minfo[39m]: Conectado a MongoDB
2024-11-17 11:14:40 [[32minfo[39m]: Ejecutándose en http://localhost:8080
2024-11-17 11:14:43 [[31merror[39m]: ID inválido
2024-11-17 11:15:59 [[32minfo[39m]: Conectado a MongoDB
2024-11-17 11:15:59 [[32minfo[39m]: Ejecutándose en http://localhost:8080
2024-11-17 11:16:02 [[31merror[39m]: ID inválido
2024-11-17 11:18:48 [[32minfo[39m]: Conectado a MongoDB
2024-11-17 11:18:48 [[32minfo[39m]: Ejecutándose en http://localhost:8080
2024-11-17 11:18:50 [[32minfo[39m]: Conectado a MongoDB
2024-11-17 11:18:50 [[32minfo[39m]: Ejecutándose en http://localhost:8080
2024-11-17 11:18:52 [[31merror[39m]: ID inválido
2024-11-17 11:19:04 [[32minfo[39m]: Conectado a MongoDB
2024-11-17 11:19:04 [[32minfo[39m]: Ejecutándose en http://localhost:8080
2024-11-17 11:19:06 [[31merror[39m]: ID inválido
2024-11-17 11:19:25 [[32minfo[39m]: Conectado a MongoDB
2024-11-17 11:19:25 [[32minfo[39m]: Ejecutándose en http://localhost:8080
2024-11-17 11:19:26 [[31merror[39m]: ID inválido
2024-11-17 11:20:42 [[32minfo[39m]: Conectado a MongoDB
2024-11-17 11:20:42 [[32minfo[39m]: Ejecutándose en http://localhost:8080
2024-11-17 11:20:45 [[31merror[39m]: ID inválido
2024-11-17 11:22:18 [[32minfo[39m]: Conectado a MongoDB
2024-11-17 11:22:18 [[32minfo[39m]: Ejecutándose en http://localhost:8080
2024-11-17 11:22:22 [[32minfo[39m]: Conectado a MongoDB
2024-11-17 11:22:22 [[32minfo[39m]: Ejecutándose en http://localhost:8080
2024-11-17 11:22:30 [[31merror[39m]: ID inválido
2024-11-17 11:22:51 [[32minfo[39m]: Conectado a MongoDB
2024-11-17 11:22:51 [[32minfo[39m]: Ejecutándose en http://localhost:8080
2024-11-17 11:22:53 [[31merror[39m]: ID inválido
2024-11-17 11:23:11 [[31merror[39m]: ID inválido
2024-11-17 11:27:27 [[32minfo[39m]: Conectado a MongoDB
2024-11-17 11:27:27 [[32minfo[39m]: Ejecutándose en http://localhost:8080
2024-11-17 11:27:31 [[31merror[39m]: ID inválido
2024-11-17 11:28:12 [[32minfo[39m]: Conectado a MongoDB
2024-11-17 11:28:12 [[32minfo[39m]: Ejecutándose en http://localhost:8080
2024-11-17 11:28:14 [[31merror[39m]: ID inválido
2024-11-17 11:32:04 [[32minfo[39m]: Conectado a MongoDB
2024-11-17 11:32:04 [[32minfo[39m]: Ejecutándose en http://localhost:8080
2024-11-17 11:34:12 [[32minfo[39m]: Conectado a MongoDB
2024-11-17 11:34:12 [[32minfo[39m]: Ejecutándose en http://localhost:8080
